Started GET "/" for ::1 at 2025-06-30 11:56:36 +0100
  [1m[35m (27.2ms)[0m  [1m[35mCREATE TABLE "schema_migrations" ("version" varchar NOT NULL PRIMARY KEY) /*application='TripSync'*/[0m
  [1m[35m (0.4ms)[0m  [1m[35mCREATE TABLE "ar_internal_metadata" ("key" varchar NOT NULL PRIMARY KEY, "value" varchar, "created_at" datetime(6) NOT NULL, "updated_at" datetime(6) NOT NULL) /*application='TripSync'*/[0m
  [1m[36mActiveRecord::SchemaMigration Load (0.3ms)[0m  [1m[34mSELECT "schema_migrations"."version" FROM "schema_migrations" ORDER BY "schema_migrations"."version" ASC /*application='TripSync'*/[0m
Processing by Rails::WelcomeController#index as HTML
  Rendering /home/salha/.rbenv/versions/3.2.3/lib/ruby/gems/3.2.0/gems/railties-8.0.2/lib/rails/templates/rails/welcome/index.html.erb
  Rendered /home/salha/.rbenv/versions/3.2.3/lib/ruby/gems/3.2.0/gems/railties-8.0.2/lib/rails/templates/rails/welcome/index.html.erb (Duration: 2.5ms | GC: 0.0ms)
Completed 200 OK in 127ms (Views: 20.9ms | ActiveRecord: 0.0ms (0 queries, 0 cached) | GC: 26.5ms)


Started GET "/" for ::1 at 2025-06-30 12:18:47 +0100
Processing by HomeController#index as HTML
  Rendering layout layouts/application.html.erb
  Rendering home/index.html.erb within layouts/application
  Rendered home/index.html.erb within layouts/application (Duration: 1.2ms | GC: 0.0ms)
  Rendered layout layouts/application.html.erb (Duration: 102.9ms | GC: 55.3ms)
Completed 200 OK in 389ms (Views: 114.9ms | ActiveRecord: 0.0ms (0 queries, 0 cached) | GC: 133.7ms)


Started GET "/assets/application-8b441ae0.css" for ::1 at 2025-06-30 12:18:48 +0100
Started GET "/assets/application-bfcdf840.js" for ::1 at 2025-06-30 12:18:48 +0100
Started GET "/assets/stimulus.min-4b1e420e.js" for ::1 at 2025-06-30 12:18:48 +0100
Started GET "/assets/controllers/hello_controller-708796bd.js" for ::1 at 2025-06-30 12:18:48 +0100
Started GET "/assets/controllers/index-ee64e1f1.js" for ::1 at 2025-06-30 12:18:48 +0100
Started GET "/assets/turbo.min-3a2e143f.js" for ::1 at 2025-06-30 12:18:48 +0100
Started GET "/assets/stimulus-loading-1fc53fe7.js" for ::1 at 2025-06-30 12:18:48 +0100
Started GET "/assets/controllers/application-3affb389.js" for ::1 at 2025-06-30 12:18:48 +0100
  [1m[36mActiveRecord::InternalMetadata Load (0.3ms)[0m  [1m[34mSELECT * FROM "ar_internal_metadata" WHERE "ar_internal_metadata"."key" = 'environment' ORDER BY "ar_internal_metadata"."key" ASC LIMIT 1 /*application='TripSync'*/[0m
  [1m[36mActiveRecord::InternalMetadata Create (3.8ms)[0m  [1m[32mINSERT INTO "ar_internal_metadata" ("key", "value", "created_at", "updated_at") VALUES ('environment', 'development', '2025-06-30 11:21:04.849130', '2025-06-30 11:21:04.849137') RETURNING "key" /*application='TripSync'*/[0m
  [1m[36mActiveRecord::SchemaMigration Load (0.2ms)[0m  [1m[34mSELECT "schema_migrations"."version" FROM "schema_migrations" ORDER BY "schema_migrations"."version" ASC /*application='TripSync'*/[0m
Migrating to DeviseCreateUsers (20250630112023)
  [1m[36mTRANSACTION (0.1ms)[0m  [1m[35mBEGIN immediate TRANSACTION /*application='TripSync'*/[0m
  [1m[35m (3.5ms)[0m  [1m[35mCREATE TABLE "users" ("id" integer PRIMARY KEY AUTOINCREMENT NOT NULL, "email" varchar DEFAULT '' NOT NULL, "encrypted_password" varchar DEFAULT '' NOT NULL, "reset_password_token" varchar, "reset_password_sent_at" datetime(6), "remember_created_at" datetime(6), "created_at" datetime(6) NOT NULL, "updated_at" datetime(6) NOT NULL) /*application='TripSync'*/[0m
  [1m[35m (0.4ms)[0m  [1m[35mCREATE UNIQUE INDEX "index_users_on_email" ON "users" ("email") /*application='TripSync'*/[0m
  [1m[35m (0.4ms)[0m  [1m[35mCREATE UNIQUE INDEX "index_users_on_reset_password_token" ON "users" ("reset_password_token") /*application='TripSync'*/[0m
  [1m[36mActiveRecord::SchemaMigration Create (0.4ms)[0m  [1m[32mINSERT INTO "schema_migrations" ("version") VALUES ('20250630112023') RETURNING "version" /*application='TripSync'*/[0m
  [1m[36mTRANSACTION (0.5ms)[0m  [1m[35mCOMMIT TRANSACTION /*application='TripSync'*/[0m
  [1m[36mActiveRecord::SchemaMigration Load (0.1ms)[0m  [1m[34mSELECT "schema_migrations"."version" FROM "schema_migrations" ORDER BY "schema_migrations"."version" ASC /*application='TripSync'*/[0m
  [1m[36mActiveRecord::InternalMetadata Load (0.4ms)[0m  [1m[34mSELECT * FROM "ar_internal_metadata" WHERE "ar_internal_metadata"."key" = 'environment' ORDER BY "ar_internal_metadata"."key" ASC LIMIT 1 /*application='TripSync'*/[0m
  [1m[36mActiveRecord::SchemaMigration Load (0.4ms)[0m  [1m[34mSELECT "schema_migrations"."version" FROM "schema_migrations" ORDER BY "schema_migrations"."version" ASC /*application='TripSync'*/[0m
Migrating to AddRoleFirstnameLastnameAndPhone (20250630112824)
  [1m[36mTRANSACTION (0.3ms)[0m  [1m[35mBEGIN immediate TRANSACTION /*application='TripSync'*/[0m
  [1m[35m (7.0ms)[0m  [1m[35mALTER TABLE "users" ADD "role" varchar /*application='TripSync'*/[0m
  [1m[35m (0.7ms)[0m  [1m[35mALTER TABLE "users" ADD "first_name" varchar /*application='TripSync'*/[0m
  [1m[35m (0.6ms)[0m  [1m[35mALTER TABLE "users" ADD "last_name" varchar /*application='TripSync'*/[0m
  [1m[35m (0.7ms)[0m  [1m[35mALTER TABLE "users" ADD "phone" integer /*application='TripSync'*/[0m
  [1m[36mActiveRecord::SchemaMigration Create (0.3ms)[0m  [1m[32mINSERT INTO "schema_migrations" ("version") VALUES ('20250630112824') RETURNING "version" /*application='TripSync'*/[0m
  [1m[36mTRANSACTION (25.7ms)[0m  [1m[35mCOMMIT TRANSACTION /*application='TripSync'*/[0m
  [1m[36mActiveRecord::SchemaMigration Load (0.3ms)[0m  [1m[34mSELECT "schema_migrations"."version" FROM "schema_migrations" ORDER BY "schema_migrations"."version" ASC /*application='TripSync'*/[0m
Started GET "/" for ::1 at 2025-06-30 12:35:54 +0100
  
NoMethodError (undefined method `devise_for' for #<ActionDispatch::Routing::Mapper:0x00007fc82bcb1e70 @set=#<Rails::Engine::LazyRouteSet:0x00007fc82b008d40>, @draw_paths=[#<Pathname:/home/salha/.rbenv/versions/3.2.3/lib/ruby/gems/3.2.0/gems/actionview-8.0.2/config/routes>, #<Pathname:/home/salha/.rbenv/versions/3.2.3/lib/ruby/gems/3.2.0/gems/activestorage-8.0.2/config/routes>, #<Pathname:/home/salha/.rbenv/versions/3.2.3/lib/ruby/gems/3.2.0/gems/actioncable-8.0.2/config/routes>, #<Pathname:/home/salha/.rbenv/versions/3.2.3/lib/ruby/gems/3.2.0/gems/actionmailbox-8.0.2/config/routes>, #<Pathname:/home/salha/.rbenv/versions/3.2.3/lib/ruby/gems/3.2.0/gems/actiontext-8.0.2/config/routes>, #<Pathname:/home/salha/.rbenv/versions/3.2.3/lib/ruby/gems/3.2.0/gems/importmap-rails-2.1.0/config/routes>, #<Pathname:/home/salha/.rbenv/versions/3.2.3/lib/ruby/gems/3.2.0/gems/turbo-rails-2.0.16/config/routes>, #<Pathname:/home/salha/.rbenv/versions/3.2.3/lib/ruby/gems/3.2.0/gems/stimulus-rails-1.3.4/config/routes>, #<Pathname:/home/salha/.rbenv/versions/3.2.3/lib/ruby/gems/3.2.0/gems/solid_cache-1.0.7/config/routes>, #<Pathname:/home/salha/.rbenv/versions/3.2.3/lib/ruby/gems/3.2.0/gems/solid_queue-1.1.5/config/routes>, #<Pathname:/home/salha/.rbenv/versions/3.2.3/lib/ruby/gems/3.2.0/gems/solid_cable-3.0.11/config/routes>, #<Pathname:/home/salha/TripSync/config/routes>, #<Pathname:/home/salha/TripSync/config/routes>], @scope=#<ActionDispatch::Routing::Mapper::Scope:0x00007fc82acbcab0 @parent=#<ActionDispatch::Routing::Mapper::Scope:0x00007fc82b4d80c8 @parent=nil, @hash={}, @scope_level=nil>, @hash={:path_names=>{:new=>"new", :edit=>"edit"}}, @scope_level=nil>, @concerns={}>):
  
config/routes.rb:2:in `block in <main>'
config/routes.rb:1:in `<main>'
Started GET "/favicon.ico" for ::1 at 2025-06-30 12:35:55 +0100
  [1m[36mActiveRecord::SchemaMigration Load (0.2ms)[0m  [1m[34mSELECT "schema_migrations"."version" FROM "schema_migrations" ORDER BY "schema_migrations"."version" ASC /*application='TripSync'*/[0m
  
ActionController::RoutingError (No route matches [GET] "/favicon.ico"):
  
Started GET "/" for ::1 at 2025-06-30 12:38:12 +0100
  [1m[36mActiveRecord::SchemaMigration Load (0.4ms)[0m  [1m[34mSELECT "schema_migrations"."version" FROM "schema_migrations" ORDER BY "schema_migrations"."version" ASC /*application='TripSync'*/[0m
Processing by HomeController#index as HTML
  Rendering layout layouts/application.html.erb
  Rendering home/index.html.erb within layouts/application
  Rendered home/index.html.erb within layouts/application (Duration: 1.1ms | GC: 0.0ms)
  Rendered layout layouts/application.html.erb (Duration: 50.7ms | GC: 1.6ms)
Completed 200 OK in 173ms (Views: 56.8ms | ActiveRecord: 0.0ms (0 queries, 0 cached) | GC: 3.2ms)


Started GET "/users/sign_up" for ::1 at 2025-06-30 12:38:20 +0100
Processing by Devise::RegistrationsController#new as HTML
  Rendering layout layouts/application.html.erb
  Rendering /home/salha/.rbenv/versions/3.2.3/lib/ruby/gems/3.2.0/gems/devise-4.9.4/app/views/devise/registrations/new.html.erb within layouts/application
  Rendered /home/salha/.rbenv/versions/3.2.3/lib/ruby/gems/3.2.0/gems/devise-4.9.4/app/views/devise/shared/_error_messages.html.erb (Duration: 1.3ms | GC: 0.0ms)
  Rendered /home/salha/.rbenv/versions/3.2.3/lib/ruby/gems/3.2.0/gems/devise-4.9.4/app/views/devise/shared/_links.html.erb (Duration: 3.1ms | GC: 0.0ms)
  Rendered /home/salha/.rbenv/versions/3.2.3/lib/ruby/gems/3.2.0/gems/devise-4.9.4/app/views/devise/registrations/new.html.erb within layouts/application (Duration: 85.1ms | GC: 0.0ms)
  Rendered layout layouts/application.html.erb (Duration: 89.9ms | GC: 0.0ms)
Completed 200 OK in 220ms (Views: 114.2ms | ActiveRecord: 11.5ms (0 queries, 0 cached) | GC: 0.0ms)


Started GET "/users/sign_in" for ::1 at 2025-06-30 12:38:28 +0100
Processing by Devise::SessionsController#new as HTML
  Rendering layout layouts/application.html.erb
  Rendering /home/salha/.rbenv/versions/3.2.3/lib/ruby/gems/3.2.0/gems/devise-4.9.4/app/views/devise/sessions/new.html.erb within layouts/application
  Rendered /home/salha/.rbenv/versions/3.2.3/lib/ruby/gems/3.2.0/gems/devise-4.9.4/app/views/devise/shared/_links.html.erb (Duration: 0.9ms | GC: 0.0ms)
  Rendered /home/salha/.rbenv/versions/3.2.3/lib/ruby/gems/3.2.0/gems/devise-4.9.4/app/views/devise/sessions/new.html.erb within layouts/application (Duration: 30.7ms | GC: 0.0ms)
  Rendered layout layouts/application.html.erb (Duration: 38.1ms | GC: 0.0ms)
Completed 200 OK in 129ms (Views: 54.3ms | ActiveRecord: 0.0ms (0 queries, 0 cached) | GC: 0.0ms)


Started GET "/users/sign_in" for ::1 at 2025-06-30 12:42:38 +0100
Processing by Devise::SessionsController#new as HTML
  Rendering layout layouts/application.html.erb
  Rendering devise/sessions/new.html.erb within layouts/application
  Rendered devise/shared/_links.html.erb (Duration: 5.9ms | GC: 0.0ms)
  Rendered devise/sessions/new.html.erb within layouts/application (Duration: 14.1ms | GC: 0.0ms)
  Rendered layout layouts/application.html.erb (Duration: 21.1ms | GC: 0.0ms)
Completed 200 OK in 67ms (Views: 26.3ms | ActiveRecord: 3.8ms (0 queries, 0 cached) | GC: 0.0ms)


Started GET "/users/sign_in" for ::1 at 2025-06-30 12:42:40 +0100
Processing by Devise::SessionsController#new as HTML
  Rendering layout layouts/application.html.erb
  Rendering devise/sessions/new.html.erb within layouts/application
  Rendered devise/shared/_links.html.erb (Duration: 0.7ms | GC: 0.0ms)
  Rendered devise/sessions/new.html.erb within layouts/application (Duration: 5.8ms | GC: 0.0ms)
  Rendered layout layouts/application.html.erb (Duration: 13.5ms | GC: 0.0ms)
Completed 200 OK in 50ms (Views: 17.9ms | ActiveRecord: 0.0ms (0 queries, 0 cached) | GC: 0.0ms)


Started GET "/users/sign_up" for ::1 at 2025-06-30 12:42:46 +0100
Processing by Devise::RegistrationsController#new as HTML
  Rendering layout layouts/application.html.erb
  Rendering devise/registrations/new.html.erb within layouts/application
  Rendered devise/shared/_error_messages.html.erb (Duration: 1.3ms | GC: 0.0ms)
  Rendered devise/shared/_links.html.erb (Duration: 0.6ms | GC: 0.0ms)
  Rendered devise/registrations/new.html.erb within layouts/application (Duration: 183.9ms | GC: 0.0ms)
  Rendered layout layouts/application.html.erb (Duration: 187.7ms | GC: 0.0ms)
Completed 200 OK in 260ms (Views: 191.9ms | ActiveRecord: 0.0ms (0 queries, 0 cached) | GC: 0.0ms)


Started GET "/users/sign_up" for ::1 at 2025-06-30 12:43:10 +0100
Processing by Devise::RegistrationsController#new as HTML
  Rendering layout layouts/application.html.erb
  Rendering devise/registrations/new.html.erb within layouts/application
  Rendered devise/shared/_error_messages.html.erb (Duration: 0.8ms | GC: 0.0ms)
  Rendered devise/registrations/new.html.erb within layouts/application (Duration: 15.1ms | GC: 6.8ms)
  Rendered layout layouts/application.html.erb (Duration: 15.9ms | GC: 6.8ms)
Completed 500 Internal Server Error in 62ms (ActiveRecord: 1.8ms (0 queries, 0 cached) | GC: 8.1ms)


  
ActionView::Template::Error (undefined method `Nom' for #<User id: nil, email: [FILTERED], created_at: nil, updated_at: nil, role: nil, first_name: nil, last_name: nil, phone: nil>)
Caused by: NoMethodError (undefined method `Nom' for #<User id: nil, email: [FILTERED], created_at: nil, updated_at: nil, role: nil, first_name: nil, last_name: nil, phone: nil>)

Information for: ActionView::Template::Error (undefined method `Nom' for #<User id: nil, email: [FILTERED], created_at: nil, updated_at: nil, role: nil, first_name: nil, last_name: nil, phone: nil>):
     5: 
     6:   <div class="field">
     7:     <%= f.label :first_name %><br />
     8:     <%= f.text_field :Nom, autofocus: true, autocomplete: "Nom" %>
     9:   </div>
    10: 
    11:   <div class="field">
  
app/views/devise/registrations/new.html.erb:8
app/views/devise/registrations/new.html.erb:3

Information for cause: NoMethodError (undefined method `Nom' for #<User id: nil, email: [FILTERED], created_at: nil, updated_at: nil, role: nil, first_name: nil, last_name: nil, phone: nil>):
  
app/views/devise/registrations/new.html.erb:8
app/views/devise/registrations/new.html.erb:3
Started GET "/users/sign_up" for ::1 at 2025-06-30 12:43:24 +0100
Processing by Devise::RegistrationsController#new as HTML
  Rendering layout layouts/application.html.erb
  Rendering devise/registrations/new.html.erb within layouts/application
  Rendered devise/shared/_error_messages.html.erb (Duration: 0.5ms | GC: 0.0ms)
  Rendered devise/shared/_links.html.erb (Duration: 6.0ms | GC: 0.0ms)
  Rendered devise/registrations/new.html.erb within layouts/application (Duration: 16.1ms | GC: 0.6ms)
  Rendered layout layouts/application.html.erb (Duration: 20.5ms | GC: 1.0ms)
Completed 200 OK in 68ms (Views: 24.0ms | ActiveRecord: 1.8ms (0 queries, 0 cached) | GC: 2.3ms)


Started GET "/users/sign_up" for ::1 at 2025-06-30 12:45:11 +0100
Processing by Devise::RegistrationsController#new as HTML
  Rendering layout layouts/application.html.erb
  Rendering devise/registrations/new.html.erb within layouts/application
  Rendered devise/registrations/new.html.erb within layouts/application (Duration: 5.6ms | GC: 0.5ms)
  Rendered layout layouts/application.html.erb (Duration: 6.8ms | GC: 0.5ms)
Completed 500 Internal Server Error in 56ms (ActiveRecord: 2.1ms (0 queries, 0 cached) | GC: 1.0ms)


  
ActionView::SyntaxErrorInTemplate (Encountered a syntax error while rendering template: check <h2>Sign up</h2>

<%= form_for(resource, as: resource_name, url: registration_path(resource_name)) do |f| %>
  <%= render "devise/shared/error_messages", resource: resource %>

  <div class="field">
    <%= f.label :first_name %><br />
    <%= f.text_field :first_name, autofocus: true, autocomplete: "Nom" %>
  </div>

  <div class="field">
    <%= f.label :last_name %><br />
    <%= f.text_field :last_name, autofocus: true, autocomplete: "Prenom" %>
  </div>

  <div class="field">
    <%= f.label :phone %><br />
    <%= f.number_field :phone, autofocus: true, autocomplete: "Téléphone" %>
  </div>

  <div class="field">
    <%= f.label :email %><br />
    <%= f.email_field :email, autofocus: true, autocomplete: "email" %>
  </div>

  <div class="field">
    <%= f.label :password %>
    <% if @minimum_password_length %>
    <em>(<%= @minimum_password_length %> characters minimum)</em>
    <% end %><br />
    <%= f.password_field :password, autocomplete: "new-password" %>
  </div>

  <div class="field">
    <%= f.label :password_confirmation %><br />
    <%= f.password_field :password_confirmation, autocomplete: "new-password" %>
  </div>

  <div class="field">
    <%= f.label :role, "Rôle" %><br />
    <%= f.select :role,User.roles.keys.reject { |r| r == "admin" }.map { |r| [r.humanize.capitalize, r] },prompt: "Choisissez un rôle" %>
  </div>

  <div class="actions">
    <%= f.submit "Sign up" %>
  </div>
<% end %>

<%= render "devise/shared/links" %>

)
Caused by: ActiveSupport::SyntaxErrorProxy (/home/salha/TripSync/app/views/devise/registrations/new.html.erb:41: syntax error, unexpected local variable or method, expecting ')'
...prompt: "Choisissez un rôle" ); @output_buffer.safe_append...
...                             ^~
)

Information for: ActionView::SyntaxErrorInTemplate (Encountered a syntax error while rendering template: check <h2>Sign up</h2>

<%= form_for(resource, as: resource_name, url: registration_path(resource_name)) do |f| %>
  <%= render "devise/shared/error_messages", resource: resource %>

  <div class="field">
    <%= f.label :first_name %><br />
    <%= f.text_field :first_name, autofocus: true, autocomplete: "Nom" %>
  </div>

  <div class="field">
    <%= f.label :last_name %><br />
    <%= f.text_field :last_name, autofocus: true, autocomplete: "Prenom" %>
  </div>

  <div class="field">
    <%= f.label :phone %><br />
    <%= f.number_field :phone, autofocus: true, autocomplete: "Téléphone" %>
  </div>

  <div class="field">
    <%= f.label :email %><br />
    <%= f.email_field :email, autofocus: true, autocomplete: "email" %>
  </div>

  <div class="field">
    <%= f.label :password %>
    <% if @minimum_password_length %>
    <em>(<%= @minimum_password_length %> characters minimum)</em>
    <% end %><br />
    <%= f.password_field :password, autocomplete: "new-password" %>
  </div>

  <div class="field">
    <%= f.label :password_confirmation %><br />
    <%= f.password_field :password_confirmation, autocomplete: "new-password" %>
  </div>

  <div class="field">
    <%= f.label :role, "Rôle" %><br />
    <%= f.select :role,User.roles.keys.reject { |r| r == "admin" }.map { |r| [r.humanize.capitalize, r] },prompt: "Choisissez un rôle" %>
  </div>

  <div class="actions">
    <%= f.submit "Sign up" %>
  </div>
<% end %>

<%= render "devise/shared/links" %>

):
1:    <h2>Sign up</h2>
2:    
3:    <%= form_for(resource, as: resource_name, url: registration_path(resource_name)) do |f| %>
4:      <%= render "devise/shared/error_messages", resource: resource %>
5:    
6:      <div class="field">
7:        <%= f.label :first_name %><br />
8:        <%= f.text_field :first_name, autofocus: true, autocomplete: "Nom" %>
9:      </div>
10:    
11:      <div class="field">
12:        <%= f.label :last_name %><br />
13:        <%= f.text_field :last_name, autofocus: true, autocomplete: "Prenom" %>
14:      </div>
15:    
16:      <div class="field">
17:        <%= f.label :phone %><br />
18:        <%= f.number_field :phone, autofocus: true, autocomplete: "Téléphone" %>
19:      </div>
20:    
21:      <div class="field">
22:        <%= f.label :email %><br />
23:        <%= f.email_field :email, autofocus: true, autocomplete: "email" %>
24:      </div>
25:    
26:      <div class="field">
27:        <%= f.label :password %>
28:        <% if @minimum_password_length %>
29:        <em>(<%= @minimum_password_length %> characters minimum)</em>
30:        <% end %><br />
31:        <%= f.password_field :password, autocomplete: "new-password" %>
32:      </div>
33:    
34:      <div class="field">
35:        <%= f.label :password_confirmation %><br />
36:        <%= f.password_field :password_confirmation, autocomplete: "new-password" %>
37:      </div>
38:    
39:      <div class="field">
40:        <%= f.label :role, "Rôle" %><br />
41:        <%= f.select :role,User.roles.keys.reject { |r| r == "admin" }.map { |r| [r.humanize.capitalize, r] },prompt: "Choisissez un rôle" %>
42:      </div>
43:    
44:      <div class="actions">
45:        <%= f.submit "Sign up" %>
46:      </div>
47:    <% end %>
48:    
49:    <%= render "devise/shared/links" %>
  
app/views/devise/registrations/new.html.erb:41: syntax error, unexpected local variable or method, expecting ')'

Information for cause: ActiveSupport::SyntaxErrorProxy (/home/salha/TripSync/app/views/devise/registrations/new.html.erb:41: syntax error, unexpected local variable or method, expecting ')'
...prompt: "Choisissez un rôle" ); @output_buffer.safe_append...
...                             ^~
):
  
app/views/devise/registrations/new.html.erb:41: syntax error, unexpected local variable or method, expecting ')'
Started GET "/users/sign_up" for ::1 at 2025-06-30 12:47:56 +0100
Processing by Devise::RegistrationsController#new as HTML
  Rendering layout layouts/application.html.erb
  Rendering devise/registrations/new.html.erb within layouts/application
  Rendered devise/shared/_error_messages.html.erb (Duration: 1.3ms | GC: 0.0ms)
  Rendered devise/shared/_links.html.erb (Duration: 1.3ms | GC: 0.0ms)
  Rendered devise/registrations/new.html.erb within layouts/application (Duration: 47.0ms | GC: 0.1ms)
  Rendered layout layouts/application.html.erb (Duration: 51.7ms | GC: 0.1ms)
Completed 200 OK in 107ms (Views: 55.9ms | ActiveRecord: 3.0ms (0 queries, 0 cached) | GC: 0.2ms)


Started GET "/users/sign_up" for ::1 at 2025-06-30 12:48:31 +0100
Processing by Devise::RegistrationsController#new as HTML
  Rendering layout layouts/application.html.erb
  Rendering devise/registrations/new.html.erb within layouts/application
  Rendered devise/shared/_error_messages.html.erb (Duration: 1.2ms | GC: 0.0ms)
  Rendered devise/shared/_links.html.erb (Duration: 2.3ms | GC: 0.0ms)
  Rendered devise/registrations/new.html.erb within layouts/application (Duration: 38.6ms | GC: 0.0ms)
  Rendered layout layouts/application.html.erb (Duration: 49.1ms | GC: 0.0ms)
Completed 200 OK in 158ms (Views: 60.7ms | ActiveRecord: 3.8ms (0 queries, 0 cached) | GC: 0.0ms)


Started GET "/users/sign_up" for ::1 at 2025-06-30 12:48:56 +0100
Processing by Devise::RegistrationsController#new as HTML
  Rendering layout layouts/application.html.erb
  Rendering devise/registrations/new.html.erb within layouts/application
  Rendered devise/shared/_error_messages.html.erb (Duration: 7.2ms | GC: 0.0ms)
  Rendered devise/shared/_links.html.erb (Duration: 10.9ms | GC: 0.5ms)
  Rendered devise/registrations/new.html.erb within layouts/application (Duration: 43.3ms | GC: 0.5ms)
  Rendered layout layouts/application.html.erb (Duration: 51.4ms | GC: 0.5ms)
Completed 200 OK in 115ms (Views: 56.4ms | ActiveRecord: 3.3ms (0 queries, 0 cached) | GC: 2.3ms)


Started GET "/users/sign_up" for ::1 at 2025-06-30 12:49:30 +0100
Processing by Devise::RegistrationsController#new as HTML
  Rendering layout layouts/application.html.erb
  Rendering devise/registrations/new.html.erb within layouts/application
  Rendered devise/shared/_error_messages.html.erb (Duration: 7.1ms | GC: 0.0ms)
  Rendered devise/shared/_links.html.erb (Duration: 2.4ms | GC: 0.0ms)
  Rendered devise/registrations/new.html.erb within layouts/application (Duration: 35.9ms | GC: 0.7ms)
  Rendered layout layouts/application.html.erb (Duration: 42.2ms | GC: 0.9ms)
Completed 200 OK in 138ms (Views: 57.5ms | ActiveRecord: 2.7ms (0 queries, 0 cached) | GC: 1.4ms)


Started GET "/users/sign_up" for ::1 at 2025-06-30 12:49:48 +0100
Processing by Devise::RegistrationsController#new as HTML
  Rendering layout layouts/application.html.erb
  Rendering devise/registrations/new.html.erb within layouts/application
  Rendered devise/shared/_error_messages.html.erb (Duration: 1.3ms | GC: 0.0ms)
  Rendered devise/shared/_links.html.erb (Duration: 1.5ms | GC: 0.0ms)
  Rendered devise/registrations/new.html.erb within layouts/application (Duration: 29.7ms | GC: 0.0ms)
  Rendered layout layouts/application.html.erb (Duration: 35.5ms | GC: 0.0ms)
Completed 200 OK in 106ms (Views: 49.0ms | ActiveRecord: 2.3ms (0 queries, 0 cached) | GC: 0.0ms)


Started GET "/users/sign_up" for ::1 at 2025-06-30 12:50:32 +0100
Processing by Devise::RegistrationsController#new as HTML
  Rendering layout layouts/application.html.erb
  Rendering devise/registrations/new.html.erb within layouts/application
  Rendered devise/shared/_error_messages.html.erb (Duration: 0.5ms | GC: 0.0ms)
  Rendered devise/shared/_links.html.erb (Duration: 3.0ms | GC: 0.0ms)
  Rendered devise/registrations/new.html.erb within layouts/application (Duration: 14.7ms | GC: 0.5ms)
  Rendered layout layouts/application.html.erb (Duration: 32.3ms | GC: 0.8ms)
Completed 200 OK in 85ms (Views: 35.9ms | ActiveRecord: 1.8ms (0 queries, 0 cached) | GC: 1.5ms)


Started GET "/users/sign_up" for ::1 at 2025-06-30 12:52:22 +0100
Processing by Devise::RegistrationsController#new as HTML
  Rendering layout layouts/application.html.erb
  Rendering devise/registrations/new.html.erb within layouts/application
  Rendered devise/shared/_error_messages.html.erb (Duration: 1.5ms | GC: 0.0ms)
  Rendered devise/shared/_links.html.erb (Duration: 5.0ms | GC: 0.0ms)
  Rendered devise/registrations/new.html.erb within layouts/application (Duration: 59.7ms | GC: 0.0ms)
  Rendered layout layouts/application.html.erb (Duration: 68.4ms | GC: 0.0ms)
Completed 200 OK in 203ms (Views: 76.7ms | ActiveRecord: 3.4ms (0 queries, 0 cached) | GC: 0.0ms)


Started POST "/users" for ::1 at 2025-06-30 12:53:31 +0100
Processing by Devise::RegistrationsController#create as TURBO_STREAM
  Parameters: {"authenticity_token"=>"[FILTERED]", "user"=>{"first_name"=>"Hamid", "last_name"=>"Salha", "phone"=>"58778491", "email"=>"[FILTERED]", "password"=>"[FILTERED]", "password_confirmation"=>"[FILTERED]", "role"=>"admin"}, "commit"=>"Sign up"}
  [1m[36mTRANSACTION (0.2ms)[0m  [1m[35mBEGIN immediate TRANSACTION /*action='create',application='TripSync',controller='registrations'*/[0m
  [1m[36mUser Exists? (23.1ms)[0m  [1m[34mSELECT 1 AS one FROM "users" WHERE "users"."email" = 'admin@example.com' LIMIT 1 /*action='create',application='TripSync',controller='registrations'*/[0m
  [1m[36mUser Create (0.6ms)[0m  [1m[32mINSERT INTO "users" ("email", "encrypted_password", "reset_password_token", "reset_password_sent_at", "remember_created_at", "created_at", "updated_at", "role", "first_name", "last_name", "phone") VALUES ('admin@example.com', '$2a$12$4CIUXycTTRTOpSHH0y9gl.H0aj904nlFIAudJcEB1jL4H7ItK1kUi', NULL, NULL, NULL, '2025-06-30 11:53:31.823298', '2025-06-30 11:53:31.823298', 'admin', 'Hamid', 'Salha', 58778491) RETURNING "id" /*action='create',application='TripSync',controller='registrations'*/[0m
  [1m[36mTRANSACTION (32.0ms)[0m  [1m[35mCOMMIT TRANSACTION /*action='create',application='TripSync',controller='registrations'*/[0m
Redirected to http://localhost:3000/
Completed 303 See Other in 810ms (ActiveRecord: 55.8ms (2 queries, 0 cached) | GC: 43.3ms)


Started GET "/" for ::1 at 2025-06-30 12:53:31 +0100
Processing by HomeController#index as TURBO_STREAM
  Rendering layout layouts/application.html.erb
  Rendering home/index.html.erb within layouts/application
  Rendered home/index.html.erb within layouts/application (Duration: 1.2ms | GC: 0.0ms)
  Rendered layout layouts/application.html.erb (Duration: 16.4ms | GC: 0.8ms)
Completed 200 OK in 65ms (Views: 19.8ms | ActiveRecord: 0.0ms (0 queries, 0 cached) | GC: 0.8ms)


Started GET "/" for ::1 at 2025-06-30 12:56:08 +0100
Processing by HomeController#index as HTML
  Rendering layout layouts/application.html.erb
  Rendering home/index.html.erb within layouts/application
  [1m[36mUser Load (0.4ms)[0m  [1m[34mSELECT "users".* FROM "users" WHERE "users"."id" = 1 ORDER BY "users"."id" ASC LIMIT 1 /*action='index',application='TripSync',controller='home'*/[0m
  ↳ app/views/home/index.html.erb:1
  Rendered home/index.html.erb within layouts/application (Duration: 81.4ms | GC: 1.6ms)
  Rendered layout layouts/application.html.erb (Duration: 82.7ms | GC: 1.6ms)
Completed 500 Internal Server Error in 137ms (ActiveRecord: 4.8ms (1 query, 0 cached) | GC: 1.6ms)


  
ActionView::Template::Error (undefined local variable or method `new_prestataire_path' for #<ActionView::Base:0x0000000003f7c8>)
Caused by: NameError (undefined local variable or method `new_prestataire_path' for #<ActionView::Base:0x0000000003f7c8>)

Information for: ActionView::Template::Error (undefined local variable or method `new_prestataire_path' for #<ActionView::Base:0x0000000003f7c8>):
    3:     Bienvenue <%= current_user.first_name %>
    4:     <p>Veuillez completer votre profil prestataire avant d'effectuer toute action Merci
    5:       <br>
    6:       <%= link_to "crrer profil", new_prestataire_path, class: "bg-green-600 text-white py-2 px-4 rounded-lg shadow hover:bg-green-700 focus:outline-none focus:ring-4 focus:ring-green-300 transition duration-200" %></p>
    7:   </p>
    8:   <%= form_with url: destroy_user_session_path, method: :delete do %>
    9:     <button type="submit"
  
app/views/home/index.html.erb:6

Information for cause: NameError (undefined local variable or method `new_prestataire_path' for #<ActionView::Base:0x0000000003f7c8>):
  
app/views/home/index.html.erb:6
Started GET "/" for ::1 at 2025-06-30 12:56:39 +0100
Processing by HomeController#index as HTML
  Rendering layout layouts/application.html.erb
  Rendering home/index.html.erb within layouts/application
  [1m[36mUser Load (0.3ms)[0m  [1m[34mSELECT "users".* FROM "users" WHERE "users"."id" = 1 ORDER BY "users"."id" ASC LIMIT 1 /*action='index',application='TripSync',controller='home'*/[0m
  ↳ app/views/home/index.html.erb:1
  Rendered home/index.html.erb within layouts/application (Duration: 37.1ms | GC: 0.0ms)
  Rendered layout layouts/application.html.erb (Duration: 51.9ms | GC: 0.0ms)
Completed 200 OK in 84ms (Views: 50.9ms | ActiveRecord: 3.3ms (1 query, 0 cached) | GC: 0.0ms)


Started DELETE "/users/sign_out" for ::1 at 2025-06-30 12:56:44 +0100
Processing by Devise::SessionsController#destroy as TURBO_STREAM
  Parameters: {"authenticity_token"=>"[FILTERED]"}
  [1m[36mUser Load (0.4ms)[0m  [1m[34mSELECT "users".* FROM "users" WHERE "users"."id" = 1 ORDER BY "users"."id" ASC LIMIT 1 /*action='destroy',application='TripSync',controller='sessions'*/[0m
Redirected to http://localhost:3000/
Completed 303 See Other in 37ms (ActiveRecord: 0.4ms (1 query, 0 cached) | GC: 0.0ms)


Started GET "/" for ::1 at 2025-06-30 12:56:44 +0100
Processing by HomeController#index as TURBO_STREAM
  Rendering layout layouts/application.html.erb
  Rendering home/index.html.erb within layouts/application
  Rendered home/index.html.erb within layouts/application (Duration: 1.5ms | GC: 0.0ms)
  Rendered layout layouts/application.html.erb (Duration: 3.2ms | GC: 0.0ms)
Completed 200 OK in 27ms (Views: 4.2ms | ActiveRecord: 0.0ms (0 queries, 0 cached) | GC: 0.0ms)


Started GET "/users/sign_in" for ::1 at 2025-06-30 12:56:46 +0100
Processing by Devise::SessionsController#new as HTML
  Rendering layout layouts/application.html.erb
  Rendering devise/sessions/new.html.erb within layouts/application
  Rendered devise/shared/_links.html.erb (Duration: 2.3ms | GC: 0.7ms)
  Rendered devise/sessions/new.html.erb within layouts/application (Duration: 6.7ms | GC: 0.7ms)
  Rendered layout layouts/application.html.erb (Duration: 13.3ms | GC: 0.7ms)
Completed 200 OK in 53ms (Views: 16.7ms | ActiveRecord: 0.0ms (0 queries, 0 cached) | GC: 17.8ms)


Started GET "/" for ::1 at 2025-06-30 12:56:52 +0100
Processing by HomeController#index as HTML
  Rendering layout layouts/application.html.erb
  Rendering home/index.html.erb within layouts/application
  Rendered home/index.html.erb within layouts/application (Duration: 11.8ms | GC: 0.0ms)
  Rendered layout layouts/application.html.erb (Duration: 14.6ms | GC: 0.0ms)
Completed 200 OK in 68ms (Views: 16.0ms | ActiveRecord: 0.0ms (0 queries, 0 cached) | GC: 1.0ms)


Started GET "/" for 127.0.0.1 at 2025-06-30 14:22:57 +0100
  [1m[36mActiveRecord::SchemaMigration Load (0.3ms)[0m  [1m[34mSELECT "schema_migrations"."version" FROM "schema_migrations" ORDER BY "schema_migrations"."version" ASC /*application='TripSync'*/[0m
Processing by HomeController#index as HTML
  Rendering layout layouts/application.html.erb
  Rendering home/index.html.erb within layouts/application
  Rendered home/index.html.erb within layouts/application (Duration: 17.4ms | GC: 0.6ms)
  Rendered layout layouts/application.html.erb (Duration: 38.4ms | GC: 1.8ms)
Completed 200 OK in 125ms (Views: 45.9ms | ActiveRecord: 0.0ms (0 queries, 0 cached) | GC: 4.5ms)


Started GET "/users/sign_in" for 127.0.0.1 at 2025-06-30 14:31:01 +0100
Processing by Devise::SessionsController#new as HTML
  Rendering layout layouts/application.html.erb
  Rendering devise/sessions/new.html.erb within layouts/application
  Rendered devise/shared/_links.html.erb (Duration: 2.1ms | GC: 0.0ms)
  Rendered devise/sessions/new.html.erb within layouts/application (Duration: 24.3ms | GC: 0.6ms)
  Rendered layout layouts/application.html.erb (Duration: 27.8ms | GC: 0.8ms)
Completed 200 OK in 73ms (Views: 34.7ms | ActiveRecord: 2.9ms (0 queries, 0 cached) | GC: 3.2ms)


Started GET "/users/sign_in" for 127.0.0.1 at 2025-06-30 14:31:01 +0100
Processing by Devise::SessionsController#new as HTML
  Rendering layout layouts/application.html.erb
  Rendering devise/sessions/new.html.erb within layouts/application
  Rendered devise/shared/_links.html.erb (Duration: 0.4ms | GC: 0.0ms)
  Rendered devise/sessions/new.html.erb within layouts/application (Duration: 3.3ms | GC: 0.0ms)
  Rendered layout layouts/application.html.erb (Duration: 4.8ms | GC: 0.0ms)
Completed 200 OK in 25ms (Views: 5.5ms | ActiveRecord: 0.0ms (0 queries, 0 cached) | GC: 0.5ms)


Started GET "/users/sign_up" for 127.0.0.1 at 2025-06-30 14:31:02 +0100
Processing by Devise::RegistrationsController#new as HTML
  Rendering layout layouts/application.html.erb
  Rendering devise/registrations/new.html.erb within layouts/application
  Rendered devise/shared/_error_messages.html.erb (Duration: 0.9ms | GC: 0.4ms)
  Rendered devise/shared/_links.html.erb (Duration: 0.4ms | GC: 0.0ms)
  Rendered devise/registrations/new.html.erb within layouts/application (Duration: 36.3ms | GC: 20.9ms)
  Rendered layout layouts/application.html.erb (Duration: 41.0ms | GC: 24.2ms)
Completed 200 OK in 68ms (Views: 42.8ms | ActiveRecord: 0.0ms (0 queries, 0 cached) | GC: 24.2ms)


